<?xml version="1.0" encoding="UTF-8"?>
<testng-results skipped="0" failed="0" ignored="0" total="2" passed="2">
  <reporter-output>
  </reporter-output>
  <suite name="Suite" duration-ms="19019" started-at="2019-11-12T05:59:11Z" finished-at="2019-11-12T05:59:30Z">
    <groups>
    </groups>
    <test name="Test" duration-ms="19019" started-at="2019-11-12T05:59:11Z" finished-at="2019-11-12T05:59:30Z">
      <class name="framework.samplemaven.TestMaven">
        <test-method status="PASS" signature="loadSelenium()[pri:0, instance:framework.samplemaven.TestMaven@46d56d67]" name="loadSelenium" is-config="true" duration-ms="2898" started-at="2019-11-12T05:59:11Z" finished-at="2019-11-12T05:59:14Z">
          <reporter-output>
          </reporter-output>
        </test-method> <!-- loadSelenium -->
        <test-method status="PASS" signature="loadBroser()[pri:0, instance:framework.samplemaven.TestMaven@46d56d67]" name="loadBroser" duration-ms="15728" started-at="2019-11-12T05:59:14Z" finished-at="2019-11-12T05:59:29Z">
          <reporter-output>
          </reporter-output>
        </test-method> <!-- loadBroser -->
        <test-method status="PASS" signature="registerTours()[pri:0, instance:framework.samplemaven.TestMaven@46d56d67]" name="registerTours" duration-ms="3" started-at="2019-11-12T05:59:29Z" finished-at="2019-11-12T05:59:29Z">
          <reporter-output>
          </reporter-output>
        </test-method> <!-- registerTours -->
        <test-method status="PASS" signature="closeDriver()[pri:0, instance:framework.samplemaven.TestMaven@46d56d67]" name="closeDriver" is-config="true" duration-ms="334" started-at="2019-11-12T05:59:29Z" finished-at="2019-11-12T05:59:30Z">
          <reporter-output>
          </reporter-output>
        </test-method> <!-- closeDriver -->
      </class> <!-- framework.samplemaven.TestMaven -->
    </test> <!-- Test -->
  </suite> <!-- Suite -->
</testng-results>
